t=2018-08-09T16:48:53+0200 lvl=info msg="Shutdown started" logger=server reason="System signal: interrupt"
t=2018-08-09T16:48:53+0200 lvl=info msg="Stopped ProvisioningService" logger=server reason="context canceled"
t=2018-08-09T16:48:53+0200 lvl=info msg="Stopped Stream Manager"
t=2018-08-09T16:48:53+0200 lvl=info msg="Stopped CleanUpService" logger=server reason="context canceled"
t=2018-08-09T16:48:53+0200 lvl=info msg="Stopped PluginManager" logger=server reason="context canceled"
t=2018-08-09T16:48:53+0200 lvl=info msg="Stopped RenderingService" logger=server reason=nil
t=2018-08-09T16:48:53+0200 lvl=info msg="Stopped InternalMetricsService" logger=server reason="context canceled"
t=2018-08-09T16:48:53+0200 lvl=info msg="Stopped TracingService" logger=server reason=nil
t=2018-08-09T16:48:53+0200 lvl=info msg="Stopped AlertingService" logger=server reason="context canceled"
t=2018-08-09T16:48:53+0200 lvl=info msg="Stopped NotificationService" logger=server reason="context canceled"
t=2018-08-09T16:48:53+0200 lvl=info msg="Stopped HTTPServer" logger=server reason=nil
t=2018-08-09T16:48:53+0200 lvl=eror msg="Server shutdown" logger=server reason="System signal: interrupt"
t=2018-08-09T16:50:48+0200 lvl=info msg="Starting Grafana" logger=server version=5.2.2 commit=aeaf7b2 compiled=2018-07-25T13:17:28+0200
t=2018-08-09T16:50:48+0200 lvl=info msg="Config loaded from" logger=settings file=C:\\DashboardAC2/conf/defaults.ini
t=2018-08-09T16:50:48+0200 lvl=info msg="Path Home" logger=settings path=C:\\DashboardAC2
t=2018-08-09T16:50:48+0200 lvl=info msg="Path Data" logger=settings path=C:\\DashboardAC2\\data
t=2018-08-09T16:50:48+0200 lvl=info msg="Path Logs" logger=settings path=C:\\DashboardAC2\\data\\log
t=2018-08-09T16:50:48+0200 lvl=info msg="Path Plugins" logger=settings path=C:\\DashboardAC2\\data\\plugins
t=2018-08-09T16:50:48+0200 lvl=info msg="Path Provisioning" logger=settings path=C:\\DashboardAC2\\conf\\provisioning
t=2018-08-09T16:50:48+0200 lvl=info msg="App mode production" logger=settings
t=2018-08-09T16:50:48+0200 lvl=info msg="Initializing SqlStore" logger=server
t=2018-08-09T16:50:48+0200 lvl=info msg="Connecting to DB" logger=sqlstore dbtype=sqlite3
t=2018-08-09T16:50:48+0200 lvl=info msg="Starting DB migration" logger=migrator
t=2018-08-09T16:50:48+0200 lvl=info msg="Initializing SearchService" logger=server
t=2018-08-09T16:50:48+0200 lvl=info msg="Initializing PluginManager" logger=server
t=2018-08-09T16:50:48+0200 lvl=info msg="Starting plugin search" logger=plugins
t=2018-08-09T16:50:48+0200 lvl=info msg="Registering plugin" logger=plugins name="Pie Chart"
t=2018-08-09T16:50:48+0200 lvl=info msg="Registering plugin" logger=plugins name=SimpleJson
t=2018-08-09T16:50:48+0200 lvl=info msg="Registering plugin" logger=plugins name=Diagram
t=2018-08-09T16:50:48+0200 lvl=eror msg="Plugins: Failed to load plugin json file: C:\\DashboardAC2\\data\\plugins\\jdbranham-diagram-panel000\\dist\\plugin.json,  err: Plugin with same id already exists"
t=2018-08-09T16:50:48+0200 lvl=info msg="Initializing InternalMetricsService" logger=server
t=2018-08-09T16:50:48+0200 lvl=info msg="Initializing AlertingService" logger=server
t=2018-08-09T16:50:48+0200 lvl=info msg="Initializing HTTPServer" logger=server
t=2018-08-09T16:50:48+0200 lvl=info msg="Initializing CleanUpService" logger=server
t=2018-08-09T16:50:48+0200 lvl=info msg="Initializing NotificationService" logger=server
t=2018-08-09T16:50:48+0200 lvl=info msg="Initializing ProvisioningService" logger=server
t=2018-08-09T16:50:48+0200 lvl=info msg="Initializing RenderingService" logger=server
t=2018-08-09T16:50:48+0200 lvl=info msg="Initializing TracingService" logger=server
t=2018-08-09T16:50:48+0200 lvl=info msg="Initializing Stream Manager"
t=2018-08-09T16:50:48+0200 lvl=info msg="HTTP Server Listen" logger=http.server address=0.0.0.0:3000 protocol=http subUrl= socket=
t=2018-08-09T16:51:01+0200 lvl=info msg="Shutdown started" logger=server reason="System signal: interrupt"
t=2018-08-09T16:51:01+0200 lvl=info msg="Stopped RenderingService" logger=server reason=nil
t=2018-08-09T16:51:01+0200 lvl=info msg="Stopped InternalMetricsService" logger=server reason="context canceled"
t=2018-08-09T16:51:01+0200 lvl=info msg="Stopped PluginManager" logger=server reason="context canceled"
t=2018-08-09T16:51:01+0200 lvl=info msg="Stopped Stream Manager"
t=2018-08-09T16:51:01+0200 lvl=info msg="Stopped NotificationService" logger=server reason="context canceled"
t=2018-08-09T16:51:01+0200 lvl=info msg="Stopped CleanUpService" logger=server reason="context canceled"
t=2018-08-09T16:51:01+0200 lvl=info msg="Stopped TracingService" logger=server reason=nil
t=2018-08-09T16:51:01+0200 lvl=info msg="Stopped AlertingService" logger=server reason="context canceled"
t=2018-08-09T16:51:01+0200 lvl=info msg="Stopped ProvisioningService" logger=server reason="context canceled"
t=2018-08-09T16:51:01+0200 lvl=info msg="Stopped HTTPServer" logger=server reason=nil
t=2018-08-09T16:51:01+0200 lvl=eror msg="Server shutdown" logger=server reason="System signal: interrupt"
t=2018-08-09T16:51:05+0200 lvl=info msg="Starting Grafana" logger=server version=5.2.2 commit=aeaf7b2 compiled=2018-07-25T13:17:28+0200
t=2018-08-09T16:51:05+0200 lvl=info msg="Config loaded from" logger=settings file=C:\\DashboardAC2/conf/defaults.ini
t=2018-08-09T16:51:05+0200 lvl=info msg="Path Home" logger=settings path=C:\\DashboardAC2
t=2018-08-09T16:51:05+0200 lvl=info msg="Path Data" logger=settings path=C:\\DashboardAC2\\data
t=2018-08-09T16:51:05+0200 lvl=info msg="Path Logs" logger=settings path=C:\\DashboardAC2\\data\\log
t=2018-08-09T16:51:05+0200 lvl=info msg="Path Plugins" logger=settings path=C:\\DashboardAC2\\data\\plugins
t=2018-08-09T16:51:05+0200 lvl=info msg="Path Provisioning" logger=settings path=C:\\DashboardAC2\\conf\\provisioning
t=2018-08-09T16:51:05+0200 lvl=info msg="App mode production" logger=settings
t=2018-08-09T16:51:05+0200 lvl=info msg="Initializing SqlStore" logger=server
t=2018-08-09T16:51:05+0200 lvl=info msg="Connecting to DB" logger=sqlstore dbtype=sqlite3
t=2018-08-09T16:51:05+0200 lvl=info msg="Starting DB migration" logger=migrator
t=2018-08-09T16:51:05+0200 lvl=info msg="Initializing SearchService" logger=server
t=2018-08-09T16:51:05+0200 lvl=info msg="Initializing PluginManager" logger=server
t=2018-08-09T16:51:05+0200 lvl=info msg="Starting plugin search" logger=plugins
t=2018-08-09T16:51:05+0200 lvl=info msg="Registering plugin" logger=plugins name="Pie Chart"
t=2018-08-09T16:51:05+0200 lvl=info msg="Registering plugin" logger=plugins name=SimpleJson
t=2018-08-09T16:51:05+0200 lvl=info msg="Registering plugin" logger=plugins name=Diagram
t=2018-08-09T16:51:05+0200 lvl=info msg="Initializing InternalMetricsService" logger=server
t=2018-08-09T16:51:05+0200 lvl=info msg="Initializing AlertingService" logger=server
t=2018-08-09T16:51:05+0200 lvl=info msg="Initializing HTTPServer" logger=server
t=2018-08-09T16:51:05+0200 lvl=info msg="Initializing CleanUpService" logger=server
t=2018-08-09T16:51:05+0200 lvl=info msg="Initializing NotificationService" logger=server
t=2018-08-09T16:51:05+0200 lvl=info msg="Initializing ProvisioningService" logger=server
t=2018-08-09T16:51:05+0200 lvl=info msg="Initializing RenderingService" logger=server
t=2018-08-09T16:51:05+0200 lvl=info msg="Initializing TracingService" logger=server
t=2018-08-09T16:51:05+0200 lvl=info msg="Initializing Stream Manager"
t=2018-08-09T16:51:05+0200 lvl=info msg="HTTP Server Listen" logger=http.server address=0.0.0.0:3000 protocol=http subUrl= socket=
t=2018-08-09T16:51:12+0200 lvl=info msg="Request Completed" logger=context userId=1 orgId=1 uname=admin method=GET path=/public/plugins/jdbranham-diagram-panel/libs/mermaid/dist/mermaidAPI.js status=404 remote_addr=[::1] time_ms=3 size=16321 referer="http://localhost:3000/d/dDBIHg5mz/ac2-dashboard?panelId=2&fullscreen&edit&orgId=1"
t=2018-08-09T16:51:14+0200 lvl=info msg="Request Completed" logger=context userId=1 orgId=1 uname=admin method=GET path=/public/plugins/jdbranham-diagram-panel/libs/mermaid/dist/mermaidAPI.js status=404 remote_addr=[::1] time_ms=5 size=16321 referer="http://localhost:3000/d/dDBIHg5mz/ac2-dashboard?panelId=2&fullscreen&edit&orgId=1"
t=2018-08-09T16:51:54+0200 lvl=info msg="Request Completed" logger=context userId=1 orgId=1 uname=admin method=GET path=/public/plugins/jdbranham-diagram-panel/libs/mermaid/dist/mermaidAPI.js status=404 remote_addr=[::1] time_ms=6 size=16321 referer="http://localhost:3000/d/dDBIHg5mz/ac2-dashboard?orgId=1"
t=2018-08-09T16:52:07+0200 lvl=info msg="Request Completed" logger=context userId=1 orgId=1 uname=admin method=GET path=/public/plugins/jdbranham-diagram-panel/libs/mermaid/dist/mermaidAPI.js status=404 remote_addr=[::1] time_ms=5 size=16321 referer="http://localhost:3000/d/dDBIHg5mz/ac2-dashboard?orgId=1"
t=2018-08-09T17:01:57+0200 lvl=info msg="Request Completed" logger=context userId=0 orgId=0 uname= method=GET path=/public/plugins/jdbranham-diagram-panel/libs/mermaid/dist/mermaidAPI.js status=404 remote_addr=[::1] time_ms=7 size=12403 referer=
t=2018-08-09T17:11:05+0200 lvl=info msg="Database table locked, sleeping then retrying" logger=sqlstore retry=0
t=2018-08-09T17:57:56+0200 lvl=info msg="Shutdown started" logger=server reason="System signal: interrupt"
t=2018-08-09T17:57:56+0200 lvl=info msg="Stopped ProvisioningService" logger=server reason="context canceled"
t=2018-08-09T17:57:56+0200 lvl=info msg="Stopped Stream Manager"
t=2018-08-09T17:57:56+0200 lvl=info msg="Stopped CleanUpService" logger=server reason="context canceled"
t=2018-08-09T17:57:56+0200 lvl=info msg="Stopped RenderingService" logger=server reason=nil
t=2018-08-09T17:57:56+0200 lvl=info msg="Stopped NotificationService" logger=server reason="context canceled"
t=2018-08-09T17:57:56+0200 lvl=info msg="Stopped TracingService" logger=server reason=nil
t=2018-08-09T17:57:56+0200 lvl=info msg="Stopped AlertingService" logger=server reason="context canceled"
t=2018-08-09T17:57:56+0200 lvl=info msg="Stopped PluginManager" logger=server reason="context canceled"
t=2018-08-09T17:57:56+0200 lvl=info msg="Stopped InternalMetricsService" logger=server reason="context canceled"
t=2018-08-09T17:57:56+0200 lvl=info msg="Stopped HTTPServer" logger=server reason=nil
t=2018-08-09T17:57:56+0200 lvl=eror msg="Server shutdown" logger=server reason="System signal: interrupt"
